<?xml version="1.0" encoding="UTF-8"?>
<!-- Generated by org.testng.reporters.JUnitReportReporter -->
<testsuite hostname="DESKTOP-IRVFF66" failures="0" tests="1" name="Testng.Demo" time="0.007" errors="0" timestamp="2023-12-14T15:43:57 IST" skipped="0">
  <testcase classname="Testng.Demo" name="test" time="0.007">
    <system-out>
      <![CDATA[hello]]>
    </system-out>
  </testcase> <!-- test -->
  <system-out>
    <![CDATA[hello]]>
  </system-out>
</testsuite> <!-- Testng.Demo -->
