<?xml version="1.0" encoding="UTF-8"?>
<!-- Generated by org.testng.reporters.JUnitReportReporter -->
<testsuite hostname="DESKTOP-IRVFF66" failures="0" tests="3" name="Testng.punter" time="0.028" errors="0" timestamp="2023-12-14T17:03:51 IST" skipped="0">
  <testcase classname="Testng.punter" name="run1" time="0.005"/>
  <testcase classname="Testng.punter" name="run1" time="0.018"/>
  <testcase classname="Testng.punter" name="run2" time="0.005">
    <system-out>
      <![CDATA[india]]>
    </system-out>
  </testcase> <!-- run2 -->
  <system-out>
    <![CDATA[india]]>
  </system-out>
</testsuite> <!-- Testng.punter -->
