<?xml version="1.0" encoding="UTF-8"?>
<!-- Generated by org.testng.reporters.JUnitReportReporter -->
<testsuite hostname="DESKTOP-IRVFF66" failures="0" tests="1" name="Testng.sample" time="0.005" errors="0" timestamp="2023-12-14T15:43:57 IST" skipped="0">
  <testcase classname="Testng.sample" name="run" time="0.005"/>
  <system-out>
    <![CDATA[hello]]>
  </system-out>
</testsuite> <!-- Testng.sample -->
