<?xml version="1.0" encoding="UTF-8"?>
<!-- Generated by org.testng.reporters.JUnitReportReporter -->
<testsuite hostname="DESKTOP-IRVFF66" failures="0" tests="1" name="Testng.runnerScripttt" time="13.898" errors="0" timestamp="2023-12-14T17:19:09 IST" skipped="0">
  <testcase classname="Testng.runnerScripttt" name="validLogin" time="13.898"/>
</testsuite> <!-- Testng.runnerScripttt -->
